Determining if the pthread_create exist failed with the following output:
Change Dir: /home/udesc/Música/MFO0001/trem/build/CMakeFiles/CMakeTmp

Run Build Command:"/usr/bin/make" "cmTC_079d8/fast"
/usr/bin/make -f CMakeFiles/cmTC_079d8.dir/build.make CMakeFiles/cmTC_079d8.dir/build
make[1]: Entering directory '/home/udesc/Música/MFO0001/trem/build/CMakeFiles/CMakeTmp'
Building C object CMakeFiles/cmTC_079d8.dir/CheckSymbolExists.c.o
/usr/bin/cc     -o CMakeFiles/cmTC_079d8.dir/CheckSymbolExists.c.o   -c /home/udesc/Música/MFO0001/trem/build/CMakeFiles/CMakeTmp/CheckSymbolExists.c
Linking C executable cmTC_079d8
/usr/bin/cmake -E cmake_link_script CMakeFiles/cmTC_079d8.dir/link.txt --verbose=1
/usr/bin/cc       CMakeFiles/cmTC_079d8.dir/CheckSymbolExists.c.o  -o cmTC_079d8 -rdynamic 
CMakeFiles/cmTC_079d8.dir/CheckSymbolExists.c.o: na função `main':
CheckSymbolExists.c:(.text+0x16): referência indefinida para `pthread_create'
collect2: error: ld returned 1 exit status
CMakeFiles/cmTC_079d8.dir/build.make:97: recipe for target 'cmTC_079d8' failed
make[1]: *** [cmTC_079d8] Error 1
make[1]: Leaving directory '/home/udesc/Música/MFO0001/trem/build/CMakeFiles/CMakeTmp'
Makefile:126: recipe for target 'cmTC_079d8/fast' failed
make: *** [cmTC_079d8/fast] Error 2

File /home/udesc/Música/MFO0001/trem/build/CMakeFiles/CMakeTmp/CheckSymbolExists.c:
/* */
#include <pthread.h>

int main(int argc, char** argv)
{
  (void)argv;
#ifndef pthread_create
  return ((int*)(&pthread_create))[argc];
#else
  (void)argc;
  return 0;
#endif
}

Determining if the function pthread_create exists in the pthreads failed with the following output:
Change Dir: /home/udesc/Música/MFO0001/trem/build/CMakeFiles/CMakeTmp

Run Build Command:"/usr/bin/make" "cmTC_f6b55/fast"
/usr/bin/make -f CMakeFiles/cmTC_f6b55.dir/build.make CMakeFiles/cmTC_f6b55.dir/build
make[1]: Entering directory '/home/udesc/Música/MFO0001/trem/build/CMakeFiles/CMakeTmp'
Building C object CMakeFiles/cmTC_f6b55.dir/CheckFunctionExists.c.o
/usr/bin/cc    -DCHECK_FUNCTION_EXISTS=pthread_create   -o CMakeFiles/cmTC_f6b55.dir/CheckFunctionExists.c.o   -c /usr/share/cmake-3.5/Modules/CheckFunctionExists.c
Linking C executable cmTC_f6b55
/usr/bin/cmake -E cmake_link_script CMakeFiles/cmTC_f6b55.dir/link.txt --verbose=1
/usr/bin/cc   -DCHECK_FUNCTION_EXISTS=pthread_create    CMakeFiles/cmTC_f6b55.dir/CheckFunctionExists.c.o  -o cmTC_f6b55 -rdynamic -lpthreads 
/usr/bin/ld: não foi possível encontrar -lpthreads
collect2: error: ld returned 1 exit status
CMakeFiles/cmTC_f6b55.dir/build.make:97: recipe for target 'cmTC_f6b55' failed
make[1]: *** [cmTC_f6b55] Error 1
make[1]: Leaving directory '/home/udesc/Música/MFO0001/trem/build/CMakeFiles/CMakeTmp'
Makefile:126: recipe for target 'cmTC_f6b55/fast' failed
make: *** [cmTC_f6b55/fast] Error 2


